<?xml version="1.0" encoding="UTF-8"?>
<!-- Generated by org.testng.reporters.JUnitReportReporter -->
<testsuite hostname="Nagesh" failures="0" tests="6" name="com.demoblazeTests.HomePageTests" time="42.561" errors="0" timestamp="2024-01-21T15:33:36 IST" skipped="0">
  <testcase classname="com.demoblazeTests.HomePageTests" name="ValidateHomeTitle" time="12.600"/>
  <testcase classname="com.demoblazeTests.HomePageTests" name="Validatelaptopslink" time="5.249"/>
  <testcase classname="com.demoblazeTests.HomePageTests" name="ValidateMonitorslink" time="10.384"/>
  <testcase classname="com.demoblazeTests.HomePageTests" name="ValidateLoginLink" time="4.566"/>
  <testcase classname="com.demoblazeTests.HomePageTests" name="ValidateHomeURL" time="5.681"/>
  <testcase classname="com.demoblazeTests.HomePageTests" name="ValidatePhoneslink" time="4.081"/>
</testsuite> <!-- com.demoblazeTests.HomePageTests -->
