<?xml version="1.0" encoding="UTF-8"?>
<!-- Generated by org.testng.reporters.JUnitReportReporter -->
<testsuite hostname="Nagesh" failures="0" tests="1" name="com.demoblazeTests.LoginTests" time="7.745" errors="0" timestamp="2024-01-21T15:20:53 IST" skipped="0">
  <testcase classname="com.demoblazeTests.LoginTests" name="LoginWithValidCredential" time="7.745"/>
</testsuite> <!-- com.demoblazeTests.LoginTests -->
